Using pre-set license
Built from '2021.3/staging' branch; Version is '2021.3.16f1 (4016570cf34f) revision 4200023'; Using compiler version '192829333'; Build Type 'Release'
OS: 'Windows 10  (10.0.19045) 64bit Professional' Language: 'pt' Physical Memory: 16279 MB
BatchMode: 1, IsHumanControllingUs: 0, StartBugReporterOnCrash: 0, Is64bit: 1, IsPro: 1

COMMAND LINE ARGUMENTS:
C:\Program Files\Unity\Hub\Editor\2021.3.16f1\Editor\Unity.exe
-adb2
-batchMode
-noUpm
-name
AssetImportWorker0
-projectPath
C:/Users/PC/Do-or-Drink/Do or Drink
-logFile
Logs/AssetImportWorker0.log
-srvPort
54164
Successfully changed project path to: C:/Users/PC/Do-or-Drink/Do or Drink
C:/Users/PC/Do-or-Drink/Do or Drink
[UnityMemory] Configuration Parameters - Can be set up in boot.config
    "memorysetup-bucket-allocator-granularity=16"
    "memorysetup-bucket-allocator-bucket-count=8"
    "memorysetup-bucket-allocator-block-size=33554432"
    "memorysetup-bucket-allocator-block-count=8"
    "memorysetup-main-allocator-block-size=16777216"
    "memorysetup-thread-allocator-block-size=16777216"
    "memorysetup-gfx-main-allocator-block-size=16777216"
    "memorysetup-gfx-thread-allocator-block-size=16777216"
    "memorysetup-cache-allocator-block-size=4194304"
    "memorysetup-typetree-allocator-block-size=2097152"
    "memorysetup-profiler-bucket-allocator-granularity=16"
    "memorysetup-profiler-bucket-allocator-bucket-count=8"
    "memorysetup-profiler-bucket-allocator-block-size=33554432"
    "memorysetup-profiler-bucket-allocator-block-count=8"
    "memorysetup-profiler-allocator-block-size=16777216"
    "memorysetup-profiler-editor-allocator-block-size=1048576"
    "memorysetup-temp-allocator-size-main=16777216"
    "memorysetup-job-temp-allocator-block-size=2097152"
    "memorysetup-job-temp-allocator-block-size-background=1048576"
    "memorysetup-job-temp-allocator-reduction-small-platforms=262144"
    "memorysetup-temp-allocator-size-background-worker=32768"
    "memorysetup-temp-allocator-size-job-worker=262144"
    "memorysetup-temp-allocator-size-preload-manager=33554432"
    "memorysetup-temp-allocator-size-nav-mesh-worker=65536"
    "memorysetup-temp-allocator-size-audio-worker=65536"
    "memorysetup-temp-allocator-size-cloud-worker=32768"
    "memorysetup-temp-allocator-size-gi-baking-worker=262144"
    "memorysetup-temp-allocator-size-gfx=262144"
Player connection [16800] Host "[IP] 192.168.1.11 [Port] 0 [Flags] 2 [Guid] 172936949 [EditorId] 172936949 [Version] 1048832 [Id] WindowsEditor(7,DESKTOP-CQPVAOK) [Debug] 1 [PackageName] WindowsEditor [ProjectName] Editor" joined multi-casting on [225.0.0.222:54997]...

Player connection [16800] Host "[IP] 192.168.1.11 [Port] 0 [Flags] 2 [Guid] 172936949 [EditorId] 172936949 [Version] 1048832 [Id] WindowsEditor(7,DESKTOP-CQPVAOK) [Debug] 1 [PackageName] WindowsEditor [ProjectName] Editor" joined alternative multi-casting on [225.0.0.222:34997]...

Refreshing native plugins compatible for Editor in 143.45 ms, found 4 plugins.
Preloading 0 native plugins for Editor in 0.00 ms.
Initialize engine version: 2021.3.16f1 (4016570cf34f)
[Subsystems] Discovering subsystems at path C:/Program Files/Unity/Hub/Editor/2021.3.16f1/Editor/Data/Resources/UnitySubsystems
[Subsystems] Discovering subsystems at path C:/Users/PC/Do-or-Drink/Do or Drink/Assets
GfxDevice: creating device client; threaded=0; jobified=0
Direct3D:
    Version:  Direct3D 11.0 [level 11.1]
    Renderer: NVIDIA GeForce GTX 1050 Ti (ID=0x1c82)
    Vendor:   NVIDIA
    VRAM:     4017 MB
    Driver:   31.0.15.2756
Initialize mono
Mono path[0] = 'C:/Program Files/Unity/Hub/Editor/2021.3.16f1/Editor/Data/Managed'
Mono path[1] = 'C:/Program Files/Unity/Hub/Editor/2021.3.16f1/Editor/Data/MonoBleedingEdge/lib/mono/unityjit-win32'
Mono config path = 'C:/Program Files/Unity/Hub/Editor/2021.3.16f1/Editor/Data/MonoBleedingEdge/etc'
Using monoOptions --debugger-agent=transport=dt_socket,embedding=1,server=y,suspend=n,address=127.0.0.1:56660
Begin MonoManager ReloadAssembly
Registering precompiled unity dll's ...
Trying to register platform support module: C:/Program Files/Unity/Hub/Editor/2021.3.16f1/Editor/Data/PlaybackEngines/WebGLSupport/UnityEditor.WebGL.Extensions.dll (that doesn't exist). Retrying without overrides.
Platform support module is not available: C:/Program Files/Unity/Hub/Editor/2021.3.16f1/Editor/Data/PlaybackEngines/WebGLSupport/UnityEditor.WebGL.Extensions.dll
Register platform support module: C:/Program Files/Unity/Hub/Editor/2021.3.16f1/Editor/Data/PlaybackEngines/AndroidPlayer/UnityEditor.Android.Extensions.dll
Register platform support module: C:/Program Files/Unity/Hub/Editor/2021.3.16f1/Editor/Data/PlaybackEngines/WindowsStandaloneSupport/UnityEditor.WindowsStandalone.Extensions.dll
Registered in 0.031194 seconds.
Native extension for WindowsStandalone target not found
Native extension for Android target not found
Refreshing native plugins compatible for Editor in 120.94 ms, found 4 plugins.
Preloading 0 native plugins for Editor in 0.00 ms.
Mono: successfully reloaded assembly
- Completed reload, in  1.186 seconds
Domain Reload Profiling:
	ReloadAssembly (1186ms)
		BeginReloadAssembly (169ms)
			ExecutionOrderSort (0ms)
			DisableScriptedObjects (0ms)
			BackupInstance (0ms)
			ReleaseScriptingObjects (0ms)
			CreateAndSetChildDomain (1ms)
		EndReloadAssembly (793ms)
			LoadAssemblies (160ms)
			RebuildTransferFunctionScriptingTraits (0ms)
			SetupTypeCache (222ms)
			ReleaseScriptCaches (0ms)
			RebuildScriptCaches (46ms)
			SetupLoadedEditorAssemblies (438ms)
				LogAssemblyErrors (0ms)
				InitializePlatformSupportModulesInManaged (102ms)
				SetLoadedEditorAssemblies (0ms)
				RefreshPlugins (121ms)
				BeforeProcessingInitializeOnLoad (2ms)
				ProcessInitializeOnLoadAttributes (148ms)
				ProcessInitializeOnLoadMethodAttributes (65ms)
				AfterProcessingInitializeOnLoad (0ms)
				EditorAssembliesLoaded (0ms)
			ExecutionOrderSort2 (0ms)
			AwakeInstancesAfterBackupRestoration (0ms)
Platform modules already initialized, skipping
Registering precompiled user dll's ...
Registered in 0.024082 seconds.
Begin MonoManager ReloadAssembly
Symbol file LoadedFromMemory doesn't match image C:\Users\PC\Do-or-Drink\Do or Drink\Library\PackageCache\com.unity.visualscripting@1.7.8\Editor\VisualScripting.Core\Dependencies\YamlDotNet\Unity.VisualScripting.YamlDotNet.dll
Symbol file LoadedFromMemory doesn't match image C:\Users\PC\Do-or-Drink\Do or Drink\Library\PackageCache\com.unity.visualscripting@1.7.8\Editor\VisualScripting.Core\Dependencies\DotNetZip\Unity.VisualScripting.IonicZip.dll
Native extension for WindowsStandalone target not found
Native extension for Android target not found
Refreshing native plugins compatible for Editor in 120.69 ms, found 4 plugins.
Preloading 0 native plugins for Editor in 0.00 ms.
Mono: successfully reloaded assembly
- Completed reload, in  1.837 seconds
Domain Reload Profiling:
	ReloadAssembly (1838ms)
		BeginReloadAssembly (313ms)
			ExecutionOrderSort (0ms)
			DisableScriptedObjects (8ms)
			BackupInstance (0ms)
			ReleaseScriptingObjects (0ms)
			CreateAndSetChildDomain (144ms)
		EndReloadAssembly (1325ms)
			LoadAssemblies (172ms)
			RebuildTransferFunctionScriptingTraits (0ms)
			SetupTypeCache (334ms)
			ReleaseScriptCaches (1ms)
			RebuildScriptCaches (73ms)
			SetupLoadedEditorAssemblies (681ms)
				LogAssemblyErrors (0ms)
				InitializePlatformSupportModulesInManaged (23ms)
				SetLoadedEditorAssemblies (0ms)
				RefreshPlugins (121ms)
				BeforeProcessingInitializeOnLoad (156ms)
				ProcessInitializeOnLoadAttributes (299ms)
				ProcessInitializeOnLoadMethodAttributes (52ms)
				AfterProcessingInitializeOnLoad (31ms)
				EditorAssembliesLoaded (0ms)
			ExecutionOrderSort2 (0ms)
			AwakeInstancesAfterBackupRestoration (12ms)
Platform modules already initialized, skipping
========================================================================
Worker process is ready to serve import requests
Launched and connected shader compiler UnityShaderCompiler.exe after 0.07 seconds
Refreshing native plugins compatible for Editor in 0.84 ms, found 4 plugins.
Preloading 0 native plugins for Editor in 0.00 ms.
Unloading 3734 Unused Serialized files (Serialized files now loaded: 0)
Unloading 41 unused Assets / (229.4 KB). Loaded Objects now: 4190.
Memory consumption went from 144.9 MB to 144.7 MB.
Total: 4.035200 ms (FindLiveObjects: 0.339200 ms CreateObjectMapping: 0.171200 ms MarkObjects: 3.336100 ms  DeleteObjects: 0.187500 ms)

AssetImportParameters requested are different than current active one (requested -> active):
  custom:video-decoder-ogg-theora: a1e56fd34408186e4bbccfd4996cb3dc -> 
  custom:container-muxer-webm: aa71ff27fc2769a1b78a27578f13a17b -> 
  custom:container-demuxer-webm: 4f35f7cbe854078d1ac9338744f61a02 -> 
  custom:video-encoder-webm-vp8: eb34c28f22e8b96e1ab97ce403110664 -> 
  custom:audio-encoder-webm-vorbis: bf7c407c2cedff20999df2af8eb42d56 -> 
  custom:framework-win-MediaFoundation: 216162199b28c13a410421893ffa2e32 -> 
  custom:container-demuxer-ogg: 62fdf1f143b41e24485cea50d1cbac27 -> 
  custom:video-decoder-webm-vp8: 9c59270c3fd7afecdb556c50c9e8de78 -> 
  custom:audio-decoder-ogg-vorbis: bf7c407c2cedff20999df2af8eb42d56 -> 
========================================================================
Received Import Request.
  Time since last request: 5118.830489 seconds.
  path: Assets/Images/next.png
  artifactKey: Guid(03168201dacb0e248959b802d3090123) Importer(815301076,1909f56bfc062723c751e8b465ee728b)
Start importing Assets/Images/next.png using Guid(03168201dacb0e248959b802d3090123) Importer(815301076,1909f56bfc062723c751e8b465ee728b)  -> (artifact id: '5a1e5890dd1eff8f22ee439f9769c3fd') in 0.221516 seconds 
========================================================================
Received Import Request.
  Time since last request: 0.000032 seconds.
  path: Assets/Images/no ads.png
  artifactKey: Guid(ba85b844ba3f7df468d40e20c62440f2) Importer(815301076,1909f56bfc062723c751e8b465ee728b)
Start importing Assets/Images/no ads.png using Guid(ba85b844ba3f7df468d40e20c62440f2) Importer(815301076,1909f56bfc062723c751e8b465ee728b)  -> (artifact id: 'f2bc70e7d9b5644f37c0ad7fa1f9512b') in 0.038421 seconds 
========================================================================
Received Import Request.
  Time since last request: 0.000032 seconds.
  path: Assets/Images/Up.png
  artifactKey: Guid(35d4b575940527341a7303952ed57a80) Importer(815301076,1909f56bfc062723c751e8b465ee728b)
Start importing Assets/Images/Up.png using Guid(35d4b575940527341a7303952ed57a80) Importer(815301076,1909f56bfc062723c751e8b465ee728b)  -> (artifact id: '97c86c147453c3a72ff87ccda1e0b847') in 0.017690 seconds 
========================================================================
Received Import Request.
  Time since last request: 0.000251 seconds.
  path: Assets/Images/USA.png
  artifactKey: Guid(7136822bbc7fc284780818b3f0583ad5) Importer(815301076,1909f56bfc062723c751e8b465ee728b)
Start importing Assets/Images/USA.png using Guid(7136822bbc7fc284780818b3f0583ad5) Importer(815301076,1909f56bfc062723c751e8b465ee728b)  -> (artifact id: '5d961a77fcacc38cbc4ff824d911a14b') in 0.035145 seconds 
========================================================================
Received Import Request.
  Time since last request: 0.000020 seconds.
  path: Assets/Images/exitw.png
  artifactKey: Guid(9eb7f0ee43dc132459db93537c2fde33) Importer(815301076,1909f56bfc062723c751e8b465ee728b)
Start importing Assets/Images/exitw.png using Guid(9eb7f0ee43dc132459db93537c2fde33) Importer(815301076,1909f56bfc062723c751e8b465ee728b)  -> (artifact id: '471b268083ffd4c8654cc8fd57c69edd') in 0.030593 seconds 
========================================================================
Received Import Request.
  Time since last request: 0.000023 seconds.
  path: Assets/Images/seta2.png
  artifactKey: Guid(17ee894e491a0e0449c87ec7d23a01de) Importer(815301076,1909f56bfc062723c751e8b465ee728b)
Start importing Assets/Images/seta2.png using Guid(17ee894e491a0e0449c87ec7d23a01de) Importer(815301076,1909f56bfc062723c751e8b465ee728b)  -> (artifact id: '71624eb3c2649c6d3e88406631a46e15') in 0.027647 seconds 
========================================================================
Received Import Request.
  Time since last request: 0.000023 seconds.
  path: Assets/Images/exit.png
  artifactKey: Guid(c3decdf499b57b347b26377672b27244) Importer(815301076,1909f56bfc062723c751e8b465ee728b)
Start importing Assets/Images/exit.png using Guid(c3decdf499b57b347b26377672b27244) Importer(815301076,1909f56bfc062723c751e8b465ee728b)  -> (artifact id: 'b1f1a3be41cb92a5e0488a7ec270b97b') in 0.033571 seconds 
========================================================================
Received Import Request.
  Time since last request: 0.000022 seconds.
  path: Assets/Images/seta.png
  artifactKey: Guid(b48f950a568b0cb4b97decd03286461e) Importer(815301076,1909f56bfc062723c751e8b465ee728b)
Start importing Assets/Images/seta.png using Guid(b48f950a568b0cb4b97decd03286461e) Importer(815301076,1909f56bfc062723c751e8b465ee728b)  -> (artifact id: '9bdff5c5f728f8fdfd5af8d1fda95562') in 0.026643 seconds 
========================================================================
Received Import Request.
  Time since last request: 0.000028 seconds.
  path: Assets/Images/Background.png
  artifactKey: Guid(1972f7505bf8e4948af7bebcceb2238d) Importer(815301076,1909f56bfc062723c751e8b465ee728b)
Start importing Assets/Images/Background.png using Guid(1972f7505bf8e4948af7bebcceb2238d) Importer(815301076,1909f56bfc062723c751e8b465ee728b)  -> (artifact id: 'fb0c9ea955c937ef2f06873db6080cc7') in 0.027889 seconds 
========================================================================
Received Import Request.
  Time since last request: 0.000035 seconds.
  path: Assets/Images/Config.png
  artifactKey: Guid(11a590269444de24d99dc6caa0e5b186) Importer(815301076,1909f56bfc062723c751e8b465ee728b)
Start importing Assets/Images/Config.png using Guid(11a590269444de24d99dc6caa0e5b186) Importer(815301076,1909f56bfc062723c751e8b465ee728b)  -> (artifact id: '4ba3f7b73ee33258bc37bfae58f05b92') in 0.033816 seconds 
========================================================================
Received Import Request.
  Time since last request: 0.000023 seconds.
  path: Assets/Images/Play2.png
  artifactKey: Guid(fa0096c2a4ded0447b3a2eff56398f22) Importer(815301076,1909f56bfc062723c751e8b465ee728b)
Start importing Assets/Images/Play2.png using Guid(fa0096c2a4ded0447b3a2eff56398f22) Importer(815301076,1909f56bfc062723c751e8b465ee728b)  -> (artifact id: 'c309787f4d38dc1894caa2b42b1a30e7') in 0.031426 seconds 
========================================================================
Received Import Request.
  Time since last request: 0.000024 seconds.
  path: Assets/Images/setawhite.png
  artifactKey: Guid(dfecd1bc0e2f6af409d7f040b814704b) Importer(815301076,1909f56bfc062723c751e8b465ee728b)
Start importing Assets/Images/setawhite.png using Guid(dfecd1bc0e2f6af409d7f040b814704b) Importer(815301076,1909f56bfc062723c751e8b465ee728b)  -> (artifact id: '41d9a4174b953522f5116934e519c3e4') in 0.027045 seconds 
========================================================================
Received Import Request.
  Time since last request: 0.000023 seconds.
  path: Assets/Images/photo-1543373014-cfe4f4bc1cdf.jpg
  artifactKey: Guid(50104749941de01429c616baf23a7e87) Importer(815301076,1909f56bfc062723c751e8b465ee728b)
Start importing Assets/Images/photo-1543373014-cfe4f4bc1cdf.jpg using Guid(50104749941de01429c616baf23a7e87) Importer(815301076,1909f56bfc062723c751e8b465ee728b)  -> (artifact id: 'ba80b10b9e98962891ad3628eb32a146') in 0.104278 seconds 
========================================================================
Received Import Request.
  Time since last request: 0.000024 seconds.
  path: Assets/Images/Brasil.png
  artifactKey: Guid(2cd7d8de54ea9d948b53b7ff2252da32) Importer(815301076,1909f56bfc062723c751e8b465ee728b)
Start importing Assets/Images/Brasil.png using Guid(2cd7d8de54ea9d948b53b7ff2252da32) Importer(815301076,1909f56bfc062723c751e8b465ee728b)  -> (artifact id: '834c6bd02cbc6c0b2fe13040dc76b02f') in 0.026861 seconds 
========================================================================
Received Import Request.
  Time since last request: 0.000032 seconds.
  path: Assets/Images/Play.png
  artifactKey: Guid(801532a29f76fd94f8e34b575b5ef228) Importer(815301076,1909f56bfc062723c751e8b465ee728b)
Start importing Assets/Images/Play.png using Guid(801532a29f76fd94f8e34b575b5ef228) Importer(815301076,1909f56bfc062723c751e8b465ee728b)  -> (artifact id: 'e22dc6f5d78540c5341f99d016005916') in 0.026781 seconds 
========================================================================
Received Prepare
Registering precompiled user dll's ...
Registered in 0.029239 seconds.
Begin MonoManager ReloadAssembly
Symbol file LoadedFromMemory doesn't match image C:\Users\PC\Do-or-Drink\Do or Drink\Library\PackageCache\com.unity.visualscripting@1.7.8\Editor\VisualScripting.Core\Dependencies\YamlDotNet\Unity.VisualScripting.YamlDotNet.dll
Symbol file LoadedFromMemory doesn't match image C:\Users\PC\Do-or-Drink\Do or Drink\Library\PackageCache\com.unity.visualscripting@1.7.8\Editor\VisualScripting.Core\Dependencies\DotNetZip\Unity.VisualScripting.IonicZip.dll
Native extension for WindowsStandalone target not found
Native extension for Android target not found
Refreshing native plugins compatible for Editor in 0.65 ms, found 2 plugins.
Preloading 0 native plugins for Editor in 0.00 ms.
Mono: successfully reloaded assembly
- Completed reload, in  1.611 seconds
Domain Reload Profiling:
	ReloadAssembly (1613ms)
		BeginReloadAssembly (326ms)
			ExecutionOrderSort (0ms)
			DisableScriptedObjects (13ms)
			BackupInstance (0ms)
			ReleaseScriptingObjects (0ms)
			CreateAndSetChildDomain (67ms)
		EndReloadAssembly (1072ms)
			LoadAssemblies (259ms)
			RebuildTransferFunctionScriptingTraits (0ms)
			SetupTypeCache (347ms)
			ReleaseScriptCaches (2ms)
			RebuildScriptCaches (58ms)
			SetupLoadedEditorAssemblies (407ms)
				LogAssemblyErrors (0ms)
				InitializePlatformSupportModulesInManaged (33ms)
				SetLoadedEditorAssemblies (1ms)
				RefreshPlugins (1ms)
				BeforeProcessingInitializeOnLoad (125ms)
				ProcessInitializeOnLoadAttributes (166ms)
				ProcessInitializeOnLoadMethodAttributes (50ms)
				AfterProcessingInitializeOnLoad (32ms)
				EditorAssembliesLoaded (0ms)
			ExecutionOrderSort2 (0ms)
			AwakeInstancesAfterBackupRestoration (16ms)
Platform modules already initialized, skipping
Refreshing native plugins compatible for Editor in 3.22 ms, found 2 plugins.
Preloading 0 native plugins for Editor in 0.00 ms.
Unloading 3417 Unused Serialized files (Serialized files now loaded: 0)
Unloading 21 unused Assets / (195.9 KB). Loaded Objects now: 4212.
Memory consumption went from 141.5 MB to 141.3 MB.
Total: 3.742400 ms (FindLiveObjects: 0.320800 ms CreateObjectMapping: 0.325400 ms MarkObjects: 2.923200 ms  DeleteObjects: 0.172000 ms)

AssetImportParameters requested are different than current active one (requested -> active):
  custom:video-decoder-ogg-theora: a1e56fd34408186e4bbccfd4996cb3dc -> 
  custom:container-muxer-webm: aa71ff27fc2769a1b78a27578f13a17b -> 
  custom:container-demuxer-webm: 4f35f7cbe854078d1ac9338744f61a02 -> 
  custom:video-encoder-webm-vp8: eb34c28f22e8b96e1ab97ce403110664 -> 
  custom:audio-encoder-webm-vorbis: bf7c407c2cedff20999df2af8eb42d56 -> 
  custom:framework-win-MediaFoundation: 216162199b28c13a410421893ffa2e32 -> 
  custom:container-demuxer-ogg: 62fdf1f143b41e24485cea50d1cbac27 -> 
  custom:video-decoder-webm-vp8: 9c59270c3fd7afecdb556c50c9e8de78 -> 
  custom:audio-decoder-ogg-vorbis: bf7c407c2cedff20999df2af8eb42d56 -> 
========================================================================
Received Import Request.
  Time since last request: 568.711636 seconds.
  path: Assets/TextMesh Pro
  artifactKey: Guid(f54d1bd14bd3ca042bd867b519fee8cc) Importer(815301076,1909f56bfc062723c751e8b465ee728b)
Start importing Assets/TextMesh Pro using Guid(f54d1bd14bd3ca042bd867b519fee8cc) Importer(815301076,1909f56bfc062723c751e8b465ee728b)  -> (artifact id: 'f5648c5ef36b7beab651a001a8d08867') in 0.014106 seconds 
